<?xml version="1.0" encoding="UTF-8"?>
<testng-results ignored="0" total="3" passed="3" failed="0" skipped="0">
  <reporter-output>
  </reporter-output>
  <suite started-at="2023-05-03T10:33:49 IST" name="Suite" finished-at="2023-05-03T10:33:49 IST" duration-ms="30">
    <groups>
    </groups>
    <test started-at="2023-05-03T10:33:49 IST" name="Login" finished-at="2023-05-03T10:33:49 IST" duration-ms="30">
      <class name="Test.day1">
        <test-method signature="test1()[pri:0, instance:Test.day1@7e9131d5]" started-at="2023-05-03T10:33:49 IST" name="test1" finished-at="2023-05-03T10:33:49 IST" duration-ms="4" status="PASS">
          <reporter-output>
          </reporter-output>
        </test-method> <!-- test1 -->
        <test-method signature="test2()[pri:0, instance:Test.day1@7e9131d5]" started-at="2023-05-03T10:33:49 IST" name="test2" finished-at="2023-05-03T10:33:49 IST" duration-ms="1" status="PASS">
          <reporter-output>
          </reporter-output>
        </test-method> <!-- test2 -->
      </class> <!-- Test.day1 -->
      <class name="Test.day2">
        <test-method signature="test3()[pri:0, instance:Test.day2@62e7f11d]" started-at="2023-05-03T10:33:49 IST" name="test3" finished-at="2023-05-03T10:33:49 IST" duration-ms="1" status="PASS">
          <reporter-output>
          </reporter-output>
        </test-method> <!-- test3 -->
      </class> <!-- Test.day2 -->
    </test> <!-- Login -->
  </suite> <!-- Suite -->
</testng-results>
